[Error - 4:27:07 AM] Failed to load jshint library
(node:25301) UnhandledPromiseRejectionWarning: Error: Failed to load jshint library. Please install jshint in your workspace folder using 'npm install jshint' or globally using 'npm install -g jshint' and then reload.
    at Linter.<anonymous> (/root/.vscode-server/extensions/dbaeumer.jshint-0.11.0/jshint-server/out/server.js:336:23)
    at Generator.throw (<anonymous>)
    at rejected (/root/.vscode-server/extensions/dbaeumer.jshint-0.11.0/jshint-server/out/server.js:9:65)
    at processTicksAndRejections (internal/process/task_queues.js:93:5)
(Use `node --trace-warnings ...` to show where the warning was created)
(node:25301) UnhandledPromiseRejectionWarning: Unhandled promise rejection. This error originated either by throwing inside of an async function without a catch block, or by rejecting a promise which was not handled with .catch(). To terminate the node process on unhandled promise rejection, use the CLI flag `--unhandled-rejections=strict` (see https://nodejs.org/api/cli.html#cli_unhandled_rejections_mode). (rejection id: 1)
(node:25301) [DEP0018] DeprecationWarning: Unhandled promise rejections are deprecated. In the future, promise rejections that are not handled will terminate the Node.js process with a non-zero exit code.
(node:25301) UnhandledPromiseRejectionWarning: Error: Failed to load jshint library. Please install jshint in your workspace folder using 'npm install jshint' or globally using 'npm install -g jshint' and then reload.
    at Linter.<anonymous> (/root/.vscode-server/extensions/dbaeumer.jshint-0.11.0/jshint-server/out/server.js:336:23)
    at Generator.throw (<anonymous>)
    at rejected (/root/.vscode-server/extensions/dbaeumer.jshint-0.11.0/jshint-server/out/server.js:9:65)
    at processTicksAndRejections (internal/process/task_queues.js:93:5)
(node:25301) UnhandledPromiseRejectionWarning: Unhandled promise rejection. This error originated either by throwing inside of an async function without a catch block, or by rejecting a promise which was not handled with .catch(). To terminate the node process on unhandled promise rejection, use the CLI flag `--unhandled-rejections=strict` (see https://nodejs.org/api/cli.html#cli_unhandled_rejections_mode). (rejection id: 2)
[Error - 4:27:08 AM] Failed to load jshint library
[Error - 4:27:08 AM] Failed to load jshint library
(node:25301) UnhandledPromiseRejectionWarning: Error: Failed to load jshint library. Please install jshint in your workspace folder using 'npm install jshint' or globally using 'npm install -g jshint' and then reload.
    at Linter.<anonymous> (/root/.vscode-server/extensions/dbaeumer.jshint-0.11.0/jshint-server/out/server.js:336:23)
    at Generator.throw (<anonymous>)
    at rejected (/root/.vscode-server/extensions/dbaeumer.jshint-0.11.0/jshint-server/out/server.js:9:65)
    at processTicksAndRejections (internal/process/task_queues.js:93:5)
(node:25301) UnhandledPromiseRejectionWarning: Unhandled promise rejection. This error originated either by throwing inside of an async function without a catch block, or by rejecting a promise which was not handled with .catch(). To terminate the node process on unhandled promise rejection, use the CLI flag `--unhandled-rejections=strict` (see https://nodejs.org/api/cli.html#cli_unhandled_rejections_mode). (rejection id: 3)
[Error - 4:27:08 AM] Failed to load jshint library
(node:25301) UnhandledPromiseRejectionWarning: Error: Failed to load jshint library. Please install jshint in your workspace folder using 'npm install jshint' or globally using 'npm install -g jshint' and then reload.
    at Linter.<anonymous> (/root/.vscode-server/extensions/dbaeumer.jshint-0.11.0/jshint-server/out/server.js:336:23)
    at Generator.throw (<anonymous>)
    at rejected (/root/.vscode-server/extensions/dbaeumer.jshint-0.11.0/jshint-server/out/server.js:9:65)
    at processTicksAndRejections (internal/process/task_queues.js:93:5)
(node:25301) UnhandledPromiseRejectionWarning: Unhandled promise rejection. This error originated either by throwing inside of an async function without a catch block, or by rejecting a promise which was not handled with .catch(). To terminate the node process on unhandled promise rejection, use the CLI flag `--unhandled-rejections=strict` (see https://nodejs.org/api/cli.html#cli_unhandled_rejections_mode). (rejection id: 4)
[Error - 4:27:12 AM] Failed to load jshint library
(node:25301) UnhandledPromiseRejectionWarning: Error: Failed to load jshint library. Please install jshint in your workspace folder using 'npm install jshint' or globally using 'npm install -g jshint' and then reload.
    at Linter.<anonymous> (/root/.vscode-server/extensions/dbaeumer.jshint-0.11.0/jshint-server/out/server.js:336:23)
    at Generator.throw (<anonymous>)
    at rejected (/root/.vscode-server/extensions/dbaeumer.jshint-0.11.0/jshint-server/out/server.js:9:65)
    at processTicksAndRejections (internal/process/task_queues.js:93:5)
(node:25301) UnhandledPromiseRejectionWarning: Unhandled promise rejection. This error originated either by throwing inside of an async function without a catch block, or by rejecting a promise which was not handled with .catch(). To terminate the node process on unhandled promise rejection, use the CLI flag `--unhandled-rejections=strict` (see https://nodejs.org/api/cli.html#cli_unhandled_rejections_mode). (rejection id: 5)
[Error - 4:27:32 AM] Failed to load jshint library
(node:25301) UnhandledPromiseRejectionWarning: Error: Failed to load jshint library. Please install jshint in your workspace folder using 'npm install jshint' or globally using 'npm install -g jshint' and then reload.
    at Linter.<anonymous> (/root/.vscode-server/extensions/dbaeumer.jshint-0.11.0/jshint-server/out/server.js:336:23)
    at Generator.throw (<anonymous>)
    at rejected (/root/.vscode-server/extensions/dbaeumer.jshint-0.11.0/jshint-server/out/server.js:9:65)
    at processTicksAndRejections (internal/process/task_queues.js:93:5)
(node:25301) UnhandledPromiseRejectionWarning: Unhandled promise rejection. This error originated either by throwing inside of an async function without a catch block, or by rejecting a promise which was not handled with .catch(). To terminate the node process on unhandled promise rejection, use the CLI flag `--unhandled-rejections=strict` (see https://nodejs.org/api/cli.html#cli_unhandled_rejections_mode). (rejection id: 6)
[Error - 4:27:38 AM] Failed to load jshint library
(node:25301) UnhandledPromiseRejectionWarning: Error: Failed to load jshint library. Please install jshint in your workspace folder using 'npm install jshint' or globally using 'npm install -g jshint' and then reload.
    at Linter.<anonymous> (/root/.vscode-server/extensions/dbaeumer.jshint-0.11.0/jshint-server/out/server.js:336:23)
    at Generator.throw (<anonymous>)
    at rejected (/root/.vscode-server/extensions/dbaeumer.jshint-0.11.0/jshint-server/out/server.js:9:65)
    at processTicksAndRejections (internal/process/task_queues.js:93:5)
(node:25301) UnhandledPromiseRejectionWarning: Unhandled promise rejection. This error originated either by throwing inside of an async function without a catch block, or by rejecting a promise which was not handled with .catch(). To terminate the node process on unhandled promise rejection, use the CLI flag `--unhandled-rejections=strict` (see https://nodejs.org/api/cli.html#cli_unhandled_rejections_mode). (rejection id: 7)
[Error - 4:27:40 AM] Failed to load jshint library
(node:25301) UnhandledPromiseRejectionWarning: Error: Failed to load jshint library. Please install jshint in your workspace folder using 'npm install jshint' or globally using 'npm install -g jshint' and then reload.
    at Linter.<anonymous> (/root/.vscode-server/extensions/dbaeumer.jshint-0.11.0/jshint-server/out/server.js:336:23)
    at Generator.throw (<anonymous>)
    at rejected (/root/.vscode-server/extensions/dbaeumer.jshint-0.11.0/jshint-server/out/server.js:9:65)
    at processTicksAndRejections (internal/process/task_queues.js:93:5)
(node:25301) UnhandledPromiseRejectionWarning: Unhandled promise rejection. This error originated either by throwing inside of an async function without a catch block, or by rejecting a promise which was not handled with .catch(). To terminate the node process on unhandled promise rejection, use the CLI flag `--unhandled-rejections=strict` (see https://nodejs.org/api/cli.html#cli_unhandled_rejections_mode). (rejection id: 8)
[Error - 4:27:41 AM] Failed to load jshint library
(node:25301) UnhandledPromiseRejectionWarning: Error: Failed to load jshint library. Please install jshint in your workspace folder using 'npm install jshint' or globally using 'npm install -g jshint' and then reload.
    at Linter.<anonymous> (/root/.vscode-server/extensions/dbaeumer.jshint-0.11.0/jshint-server/out/server.js:336:23)
    at Generator.throw (<anonymous>)
    at rejected (/root/.vscode-server/extensions/dbaeumer.jshint-0.11.0/jshint-server/out/server.js:9:65)
    at processTicksAndRejections (internal/process/task_queues.js:93:5)
(node:25301) UnhandledPromiseRejectionWarning: Unhandled promise rejection. This error originated either by throwing inside of an async function without a catch block, or by rejecting a promise which was not handled with .catch(). To terminate the node process on unhandled promise rejection, use the CLI flag `--unhandled-rejections=strict` (see https://nodejs.org/api/cli.html#cli_unhandled_rejections_mode). (rejection id: 9)
[Error - 4:27:42 AM] Failed to load jshint library
(node:25301) UnhandledPromiseRejectionWarning: Error: Failed to load jshint library. Please install jshint in your workspace folder using 'npm install jshint' or globally using 'npm install -g jshint' and then reload.
    at Linter.<anonymous> (/root/.vscode-server/extensions/dbaeumer.jshint-0.11.0/jshint-server/out/server.js:336:23)
    at Generator.throw (<anonymous>)
    at rejected (/root/.vscode-server/extensions/dbaeumer.jshint-0.11.0/jshint-server/out/server.js:9:65)
    at processTicksAndRejections (internal/process/task_queues.js:93:5)
(node:25301) UnhandledPromiseRejectionWarning: Unhandled promise rejection. This error originated either by throwing inside of an async function without a catch block, or by rejecting a promise which was not handled with .catch(). To terminate the node process on unhandled promise rejection, use the CLI flag `--unhandled-rejections=strict` (see https://nodejs.org/api/cli.html#cli_unhandled_rejections_mode). (rejection id: 10)
[Error - 4:27:44 AM] Failed to load jshint library
(node:25301) UnhandledPromiseRejectionWarning: Error: Failed to load jshint library. Please install jshint in your workspace folder using 'npm install jshint' or globally using 'npm install -g jshint' and then reload.
    at Linter.<anonymous> (/root/.vscode-server/extensions/dbaeumer.jshint-0.11.0/jshint-server/out/server.js:336:23)
    at Generator.throw (<anonymous>)
    at rejected (/root/.vscode-server/extensions/dbaeumer.jshint-0.11.0/jshint-server/out/server.js:9:65)
    at processTicksAndRejections (internal/process/task_queues.js:93:5)
(node:25301) UnhandledPromiseRejectionWarning: Unhandled promise rejection. This error originated either by throwing inside of an async function without a catch block, or by rejecting a promise which was not handled with .catch(). To terminate the node process on unhandled promise rejection, use the CLI flag `--unhandled-rejections=strict` (see https://nodejs.org/api/cli.html#cli_unhandled_rejections_mode). (rejection id: 11)
[Error - 4:27:51 AM] Failed to load jshint library
(node:25301) UnhandledPromiseRejectionWarning: Error: Failed to load jshint library. Please install jshint in your workspace folder using 'npm install jshint' or globally using 'npm install -g jshint' and then reload.
    at Linter.<anonymous> (/root/.vscode-server/extensions/dbaeumer.jshint-0.11.0/jshint-server/out/server.js:336:23)
    at Generator.throw (<anonymous>)
    at rejected (/root/.vscode-server/extensions/dbaeumer.jshint-0.11.0/jshint-server/out/server.js:9:65)
    at processTicksAndRejections (internal/process/task_queues.js:93:5)
(node:25301) UnhandledPromiseRejectionWarning: Unhandled promise rejection. This error originated either by throwing inside of an async function without a catch block, or by rejecting a promise which was not handled with .catch(). To terminate the node process on unhandled promise rejection, use the CLI flag `--unhandled-rejections=strict` (see https://nodejs.org/api/cli.html#cli_unhandled_rejections_mode). (rejection id: 12)
[Error - 4:27:55 AM] Failed to load jshint library
(node:25301) UnhandledPromiseRejectionWarning: Error: Failed to load jshint library. Please install jshint in your workspace folder using 'npm install jshint' or globally using 'npm install -g jshint' and then reload.
    at Linter.<anonymous> (/root/.vscode-server/extensions/dbaeumer.jshint-0.11.0/jshint-server/out/server.js:336:23)
    at Generator.throw (<anonymous>)
    at rejected (/root/.vscode-server/extensions/dbaeumer.jshint-0.11.0/jshint-server/out/server.js:9:65)
    at processTicksAndRejections (internal/process/task_queues.js:93:5)
(node:25301) UnhandledPromiseRejectionWarning: Unhandled promise rejection. This error originated either by throwing inside of an async function without a catch block, or by rejecting a promise which was not handled with .catch(). To terminate the node process on unhandled promise rejection, use the CLI flag `--unhandled-rejections=strict` (see https://nodejs.org/api/cli.html#cli_unhandled_rejections_mode). (rejection id: 13)
