[2022-01-07 09:36:35.265] [exthost] [info] Extension host with pid 21802 started
[2022-01-07 09:36:35.268] [exthost] [error] Error: EEXIST: file already exists, open '/root/.vscode-server/data/User/workspaceStorage/4f066dd390e5cb3da36edb2c3f5550e9/vscode.lock'
[2022-01-07 09:36:35.270] [exthost] [info] Lock '/root/.vscode-server/data/User/workspaceStorage/4f066dd390e5cb3da36edb2c3f5550e9/vscode.lock': Could not acquire lock, checking if the file is stale.
[2022-01-07 09:36:35.272] [exthost] [info] Lock '/root/.vscode-server/data/User/workspaceStorage/4f066dd390e5cb3da36edb2c3f5550e9/vscode.lock': The lock does not look stale, elapsed: 412 ms, giving up.
[2022-01-07 09:36:35.279] [exthost] [info] Lock '/root/.vscode-server/data/User/workspaceStorage/4f066dd390e5cb3da36edb2c3f5550e9-1/vscode.lock': Lock acquired.
[2022-01-07 09:36:35.562] [exthost] [info] ExtensionService#_doActivateExtension vscode.typescript-language-features, startup: false, activationEvent: 'onLanguage:javascript'
[2022-01-07 09:36:35.641] [exthost] [info] ExtensionService#_doActivateExtension dbaeumer.jshint, startup: false, activationEvent: 'onLanguage:javascript'
[2022-01-07 09:36:35.672] [exthost] [info] ExtensionService#_doActivateExtension vscode.debug-auto-launch, startup: true, activationEvent: '*'
[2022-01-07 09:36:35.675] [exthost] [info] ExtensionService#_doActivateExtension vscode.git-base, startup: true, activationEvent: '*', root cause: vscode.github
[2022-01-07 09:36:35.682] [exthost] [info] ExtensionService#_doActivateExtension vscode.npm, startup: true, activationEvent: 'workspaceContains:package.json'
[2022-01-07 09:36:36.533] [exthost] [info] ExtensionService#_doActivateExtension vscode.git, startup: true, activationEvent: '*'
[2022-01-07 09:36:36.638] [exthost] [info] ExtensionService#_doActivateExtension vscode.github, startup: true, activationEvent: '*'
[2022-01-07 09:36:37.062] [exthost] [info] ExtensionService#_doActivateExtension vscode.emmet, startup: false, activationEvent: 'onStartupFinished'
[2022-01-07 09:36:37.082] [exthost] [info] ExtensionService#_doActivateExtension vscode.merge-conflict, startup: false, activationEvent: 'onStartupFinished'
[2022-01-07 09:36:37.086] [exthost] [info] ExtensionService#_doActivateExtension dbaeumer.vscode-eslint, startup: false, activationEvent: 'onStartupFinished'
[2022-01-07 09:36:37.124] [exthost] [info] Eager extensions activated
[2022-01-07 11:00:23.809] [exthost] [warning] [Decorations] CAPPING events from decorations provider vscode.git 325
[2022-01-07 11:00:25.915] [exthost] [warning] [Decorations] CAPPING events from decorations provider vscode.git 325
[2022-01-07 11:06:51.488] [exthost] [info] ExtensionService#_doActivateExtension vscode.configuration-editing, startup: false, activationEvent: 'onLanguage:json'
[2022-01-07 11:06:51.513] [exthost] [info] ExtensionService#_doActivateExtension vscode.extension-editing, startup: false, activationEvent: 'onLanguage:json'
[2022-01-07 11:06:51.539] [exthost] [info] ExtensionService#_doActivateExtension vscode.json-language-features, startup: false, activationEvent: 'onLanguage:json'
[2022-01-07 11:06:51.639] [exthost] [info] ExtensionService#_doActivateExtension eg2.vscode-npm-script, startup: false, activationEvent: 'onLanguage:json'
[2022-01-07 12:26:10.534] [exthost] [info] extension host terminating: received terminate message from renderer
[2022-01-07 12:26:10.536] [exthost] [info] Lock '/root/.vscode-server/data/User/workspaceStorage/4f066dd390e5cb3da36edb2c3f5550e9-1/vscode.lock': Marking the lockfile as scheduled to be released in 6000 ms.
[2022-01-07 12:26:10.587] [exthost] [info] Extension host with pid 21802 exiting with code 0
