[2022-01-09 07:31:16.025] [exthost] [info] Extension host with pid 12086 started
[2022-01-09 07:31:16.033] [exthost] [info] Lock '/root/.vscode-server/data/User/workspaceStorage/4f066dd390e5cb3da36edb2c3f5550e9/vscode.lock': Lock acquired.
[2022-01-09 07:31:16.239] [exthost] [info] ExtensionService#_doActivateExtension vscode.debug-auto-launch, startup: true, activationEvent: '*'
[2022-01-09 07:31:16.244] [exthost] [info] ExtensionService#_doActivateExtension vscode.git-base, startup: true, activationEvent: '*', root cause: vscode.github
[2022-01-09 07:31:16.248] [exthost] [info] ExtensionService#_doActivateExtension donjayamanne.githistory, startup: true, activationEvent: '*'
[2022-01-09 07:31:16.338] [exthost] [info] ExtensionService#_doActivateExtension GitHub.vscode-pull-request-github, startup: true, activationEvent: '*'
[2022-01-09 07:31:16.430] [exthost] [info] ExtensionService#_doActivateExtension mhutchie.git-graph, startup: true, activationEvent: '*'
[2022-01-09 07:31:16.462] [exthost] [info] ExtensionService#_doActivateExtension vscode.npm, startup: true, activationEvent: 'workspaceContains:package.json'
[2022-01-09 07:31:16.861] [exthost] [info] ExtensionService#_doActivateExtension vscode.git, startup: false, activationEvent: 'api', root cause: donjayamanne.githistory
[2022-01-09 07:31:17.339] [exthost] [info] ExtensionService#_doActivateExtension vscode.github, startup: true, activationEvent: '*'
[2022-01-09 07:31:17.734] [exthost] [info] ExtensionService#_doActivateExtension vscode.emmet, startup: false, activationEvent: 'onStartupFinished'
[2022-01-09 07:31:17.759] [exthost] [info] ExtensionService#_doActivateExtension vscode.merge-conflict, startup: false, activationEvent: 'onStartupFinished'
[2022-01-09 07:31:17.764] [exthost] [info] ExtensionService#_doActivateExtension dbaeumer.vscode-eslint, startup: false, activationEvent: 'onStartupFinished'
[2022-01-09 07:31:17.808] [exthost] [info] Eager extensions activated
[2022-01-09 07:34:52.756] [exthost] [error] {"message":"Git error","stdout":"","stderr":"fatal: Pathspec '/root/.nvm/.cache' is in submodule '.nvm'\n","exitCode":128,"gitErrorCode":"IsInSubmodule"}
[2022-01-09 07:34:52.756] [exthost] [error] {"message":"Git error","stdout":"","stderr":"fatal: Pathspec '/root/.nvm/.cache' is in submodule '.nvm'\n","exitCode":128,"gitErrorCode":"IsInSubmodule"}
[2022-01-09 07:34:52.756] [exthost] [error] {"message":"Git error","stdout":"","stderr":"fatal: Pathspec '/root/.nvm/.cache' is in submodule '.nvm'\n","exitCode":128,"gitErrorCode":"IsInSubmodule"}
[2022-01-09 07:34:52.756] [exthost] [error] {"message":"Git error","stdout":"","stderr":"fatal: Pathspec '/root/.nvm/.cache' is in submodule '.nvm'\n","exitCode":128,"gitErrorCode":"IsInSubmodule"}
[2022-01-09 07:34:52.756] [exthost] [error] {"message":"Git error","stdout":"","stderr":"fatal: Pathspec '/root/.nvm/.cache' is in submodule '.nvm'\n","exitCode":128,"gitErrorCode":"IsInSubmodule"}
[2022-01-09 07:34:52.756] [exthost] [error] {"message":"Git error","stdout":"","stderr":"fatal: Pathspec '/root/.nvm/.cache' is in submodule '.nvm'\n","exitCode":128,"gitErrorCode":"IsInSubmodule"}
[2022-01-09 07:34:52.756] [exthost] [error] {"message":"Git error","stdout":"","stderr":"fatal: Pathspec '/root/.nvm/.cache' is in submodule '.nvm'\n","exitCode":128,"gitErrorCode":"IsInSubmodule"}
[2022-01-09 07:34:52.756] [exthost] [error] {"message":"Git error","stdout":"","stderr":"fatal: Pathspec '/root/.nvm/.cache' is in submodule '.nvm'\n","exitCode":128,"gitErrorCode":"IsInSubmodule"}
[2022-01-09 07:34:52.756] [exthost] [error] {"message":"Git error","stdout":"","stderr":"fatal: Pathspec '/root/.nvm/.cache' is in submodule '.nvm'\n","exitCode":128,"gitErrorCode":"IsInSubmodule"}
[2022-01-09 07:34:52.756] [exthost] [error] {"message":"Git error","stdout":"","stderr":"fatal: Pathspec '/root/.nvm/.cache' is in submodule '.nvm'\n","exitCode":128,"gitErrorCode":"IsInSubmodule"}
[2022-01-09 07:34:52.756] [exthost] [error] {"message":"Git error","stdout":"","stderr":"fatal: Pathspec '/root/.nvm/.cache' is in submodule '.nvm'\n","exitCode":128,"gitErrorCode":"IsInSubmodule"}
[2022-01-09 07:34:52.756] [exthost] [error] {"message":"Git error","stdout":"","stderr":"fatal: Pathspec '/root/.nvm/.cache' is in submodule '.nvm'\n","exitCode":128,"gitErrorCode":"IsInSubmodule"}
[2022-01-09 07:34:52.756] [exthost] [error] {"message":"Git error","stdout":"","stderr":"fatal: Pathspec '/root/.nvm/.cache' is in submodule '.nvm'\n","exitCode":128,"gitErrorCode":"IsInSubmodule"}
[2022-01-09 07:34:52.756] [exthost] [error] {"message":"Git error","stdout":"","stderr":"fatal: Pathspec '/root/.nvm/.cache' is in submodule '.nvm'\n","exitCode":128,"gitErrorCode":"IsInSubmodule"}
[2022-01-09 07:34:52.756] [exthost] [error] {"message":"Git error","stdout":"","stderr":"fatal: Pathspec '/root/.nvm/.cache' is in submodule '.nvm'\n","exitCode":128,"gitErrorCode":"IsInSubmodule"}
[2022-01-09 07:34:52.756] [exthost] [error] {"message":"Git error","stdout":"","stderr":"fatal: Pathspec '/root/.nvm/.cache' is in submodule '.nvm'\n","exitCode":128,"gitErrorCode":"IsInSubmodule"}
[2022-01-09 07:34:52.756] [exthost] [error] {"message":"Git error","stdout":"","stderr":"fatal: Pathspec '/root/.nvm/.cache' is in submodule '.nvm'\n","exitCode":128,"gitErrorCode":"IsInSubmodule"}
[2022-01-09 07:34:52.756] [exthost] [error] {"message":"Git error","stdout":"","stderr":"fatal: Pathspec '/root/.nvm/.cache' is in submodule '.nvm'\n","exitCode":128,"gitErrorCode":"IsInSubmodule"}
[2022-01-09 07:34:52.756] [exthost] [error] {"message":"Git error","stdout":"","stderr":"fatal: Pathspec '/root/.nvm/.cache' is in submodule '.nvm'\n","exitCode":128,"gitErrorCode":"IsInSubmodule"}
[2022-01-09 07:34:52.756] [exthost] [error] {"message":"Git error","stdout":"","stderr":"fatal: Pathspec '/root/.nvm/.cache' is in submodule '.nvm'\n","exitCode":128,"gitErrorCode":"IsInSubmodule"}
[2022-01-09 07:34:52.756] [exthost] [error] {"message":"Git error","stdout":"","stderr":"fatal: Pathspec '/root/.nvm/.cache' is in submodule '.nvm'\n","exitCode":128,"gitErrorCode":"IsInSubmodule"}
[2022-01-09 07:34:52.756] [exthost] [error] {"message":"Git error","stdout":"","stderr":"fatal: Pathspec '/root/.nvm/.cache' is in submodule '.nvm'\n","exitCode":128,"gitErrorCode":"IsInSubmodule"}
[2022-01-09 07:34:52.756] [exthost] [error] {"message":"Git error","stdout":"","stderr":"fatal: Pathspec '/root/.nvm/.cache' is in submodule '.nvm'\n","exitCode":128,"gitErrorCode":"IsInSubmodule"}
[2022-01-09 07:34:52.756] [exthost] [error] {"message":"Git error","stdout":"","stderr":"fatal: Pathspec '/root/.nvm/.cache' is in submodule '.nvm'\n","exitCode":128,"gitErrorCode":"IsInSubmodule"}
[2022-01-09 07:34:52.756] [exthost] [error] {"message":"Git error","stdout":"","stderr":"fatal: Pathspec '/root/.nvm/.cache' is in submodule '.nvm'\n","exitCode":128,"gitErrorCode":"IsInSubmodule"}
[2022-01-09 07:34:52.756] [exthost] [error] {"message":"Git error","stdout":"","stderr":"fatal: Pathspec '/root/.nvm/.cache' is in submodule '.nvm'\n","exitCode":128,"gitErrorCode":"IsInSubmodule"}
[2022-01-09 07:34:52.756] [exthost] [error] {"message":"Git error","stdout":"","stderr":"fatal: Pathspec '/root/.nvm/.cache' is in submodule '.nvm'\n","exitCode":128,"gitErrorCode":"IsInSubmodule"}
[2022-01-09 07:34:52.756] [exthost] [error] {"message":"Git error","stdout":"","stderr":"fatal: Pathspec '/root/.nvm/.cache' is in submodule '.nvm'\n","exitCode":128,"gitErrorCode":"IsInSubmodule"}
[2022-01-09 07:37:29.554] [exthost] [error] {"message":"Git error","stdout":"","stderr":"fatal: Pathspec '/root/.nvm/CODE_OF_CONDUCT.md' is in submodule '.nvm'\n","exitCode":128,"gitErrorCode":"IsInSubmodule"}
[2022-01-09 07:37:29.554] [exthost] [error] {"message":"Git error","stdout":"","stderr":"fatal: Pathspec '/root/.nvm/CODE_OF_CONDUCT.md' is in submodule '.nvm'\n","exitCode":128,"gitErrorCode":"IsInSubmodule"}
[2022-01-09 07:37:29.554] [exthost] [error] {"message":"Git error","stdout":"","stderr":"fatal: Pathspec '/root/.nvm/CODE_OF_CONDUCT.md' is in submodule '.nvm'\n","exitCode":128,"gitErrorCode":"IsInSubmodule"}
[2022-01-09 07:37:29.555] [exthost] [error] {"message":"Git error","stdout":"","stderr":"fatal: Pathspec '/root/.nvm/CODE_OF_CONDUCT.md' is in submodule '.nvm'\n","exitCode":128,"gitErrorCode":"IsInSubmodule"}
[2022-01-09 07:37:29.555] [exthost] [error] {"message":"Git error","stdout":"","stderr":"fatal: Pathspec '/root/.nvm/CODE_OF_CONDUCT.md' is in submodule '.nvm'\n","exitCode":128,"gitErrorCode":"IsInSubmodule"}
[2022-01-09 07:37:29.555] [exthost] [error] {"message":"Git error","stdout":"","stderr":"fatal: Pathspec '/root/.nvm/CODE_OF_CONDUCT.md' is in submodule '.nvm'\n","exitCode":128,"gitErrorCode":"IsInSubmodule"}
[2022-01-09 07:37:29.555] [exthost] [error] {"message":"Git error","stdout":"","stderr":"fatal: Pathspec '/root/.nvm/CODE_OF_CONDUCT.md' is in submodule '.nvm'\n","exitCode":128,"gitErrorCode":"IsInSubmodule"}
[2022-01-09 07:37:29.555] [exthost] [error] {"message":"Git error","stdout":"","stderr":"fatal: Pathspec '/root/.nvm/CODE_OF_CONDUCT.md' is in submodule '.nvm'\n","exitCode":128,"gitErrorCode":"IsInSubmodule"}
[2022-01-09 07:37:29.555] [exthost] [error] {"message":"Git error","stdout":"","stderr":"fatal: Pathspec '/root/.nvm/CODE_OF_CONDUCT.md' is in submodule '.nvm'\n","exitCode":128,"gitErrorCode":"IsInSubmodule"}
[2022-01-09 07:37:29.555] [exthost] [error] {"message":"Git error","stdout":"","stderr":"fatal: Pathspec '/root/.nvm/CODE_OF_CONDUCT.md' is in submodule '.nvm'\n","exitCode":128,"gitErrorCode":"IsInSubmodule"}
[2022-01-09 07:37:29.555] [exthost] [error] {"message":"Git error","stdout":"","stderr":"fatal: Pathspec '/root/.nvm/CODE_OF_CONDUCT.md' is in submodule '.nvm'\n","exitCode":128,"gitErrorCode":"IsInSubmodule"}
[2022-01-09 07:37:29.555] [exthost] [error] {"message":"Git error","stdout":"","stderr":"fatal: Pathspec '/root/.nvm/CODE_OF_CONDUCT.md' is in submodule '.nvm'\n","exitCode":128,"gitErrorCode":"IsInSubmodule"}
[2022-01-09 07:37:29.555] [exthost] [error] {"message":"Git error","stdout":"","stderr":"fatal: Pathspec '/root/.nvm/CODE_OF_CONDUCT.md' is in submodule '.nvm'\n","exitCode":128,"gitErrorCode":"IsInSubmodule"}
[2022-01-09 07:37:29.555] [exthost] [error] {"message":"Git error","stdout":"","stderr":"fatal: Pathspec '/root/.nvm/CODE_OF_CONDUCT.md' is in submodule '.nvm'\n","exitCode":128,"gitErrorCode":"IsInSubmodule"}
[2022-01-09 07:37:29.555] [exthost] [error] {"message":"Git error","stdout":"","stderr":"fatal: Pathspec '/root/.nvm/CODE_OF_CONDUCT.md' is in submodule '.nvm'\n","exitCode":128,"gitErrorCode":"IsInSubmodule"}
[2022-01-09 07:37:29.555] [exthost] [error] {"message":"Git error","stdout":"","stderr":"fatal: Pathspec '/root/.nvm/CODE_OF_CONDUCT.md' is in submodule '.nvm'\n","exitCode":128,"gitErrorCode":"IsInSubmodule"}
[2022-01-09 07:37:29.555] [exthost] [error] {"message":"Git error","stdout":"","stderr":"fatal: Pathspec '/root/.nvm/CODE_OF_CONDUCT.md' is in submodule '.nvm'\n","exitCode":128,"gitErrorCode":"IsInSubmodule"}
[2022-01-09 07:37:29.555] [exthost] [error] {"message":"Git error","stdout":"","stderr":"fatal: Pathspec '/root/.nvm/CODE_OF_CONDUCT.md' is in submodule '.nvm'\n","exitCode":128,"gitErrorCode":"IsInSubmodule"}
[2022-01-09 07:37:29.555] [exthost] [error] {"message":"Git error","stdout":"","stderr":"fatal: Pathspec '/root/.nvm/CODE_OF_CONDUCT.md' is in submodule '.nvm'\n","exitCode":128,"gitErrorCode":"IsInSubmodule"}
[2022-01-09 07:37:29.555] [exthost] [error] {"message":"Git error","stdout":"","stderr":"fatal: Pathspec '/root/.nvm/CODE_OF_CONDUCT.md' is in submodule '.nvm'\n","exitCode":128,"gitErrorCode":"IsInSubmodule"}
[2022-01-09 07:37:29.555] [exthost] [error] {"message":"Git error","stdout":"","stderr":"fatal: Pathspec '/root/.nvm/CODE_OF_CONDUCT.md' is in submodule '.nvm'\n","exitCode":128,"gitErrorCode":"IsInSubmodule"}
[2022-01-09 07:37:29.555] [exthost] [error] {"message":"Git error","stdout":"","stderr":"fatal: Pathspec '/root/.nvm/CODE_OF_CONDUCT.md' is in submodule '.nvm'\n","exitCode":128,"gitErrorCode":"IsInSubmodule"}
[2022-01-09 07:37:29.555] [exthost] [error] {"message":"Git error","stdout":"","stderr":"fatal: Pathspec '/root/.nvm/CODE_OF_CONDUCT.md' is in submodule '.nvm'\n","exitCode":128,"gitErrorCode":"IsInSubmodule"}
[2022-01-09 07:37:29.555] [exthost] [error] {"message":"Git error","stdout":"","stderr":"fatal: Pathspec '/root/.nvm/CODE_OF_CONDUCT.md' is in submodule '.nvm'\n","exitCode":128,"gitErrorCode":"IsInSubmodule"}
[2022-01-09 07:37:29.555] [exthost] [error] {"message":"Git error","stdout":"","stderr":"fatal: Pathspec '/root/.nvm/CODE_OF_CONDUCT.md' is in submodule '.nvm'\n","exitCode":128,"gitErrorCode":"IsInSubmodule"}
[2022-01-09 07:37:29.555] [exthost] [error] {"message":"Git error","stdout":"","stderr":"fatal: Pathspec '/root/.nvm/CODE_OF_CONDUCT.md' is in submodule '.nvm'\n","exitCode":128,"gitErrorCode":"IsInSubmodule"}
[2022-01-09 07:37:29.555] [exthost] [error] {"message":"Git error","stdout":"","stderr":"fatal: Pathspec '/root/.nvm/CODE_OF_CONDUCT.md' is in submodule '.nvm'\n","exitCode":128,"gitErrorCode":"IsInSubmodule"}
[2022-01-09 07:37:29.555] [exthost] [error] {"message":"Git error","stdout":"","stderr":"fatal: Pathspec '/root/.nvm/CODE_OF_CONDUCT.md' is in submodule '.nvm'\n","exitCode":128,"gitErrorCode":"IsInSubmodule"}
[2022-01-09 07:37:29.555] [exthost] [error] {"message":"Git error","stdout":"","stderr":"fatal: Pathspec '/root/.nvm/CODE_OF_CONDUCT.md' is in submodule '.nvm'\n","exitCode":128,"gitErrorCode":"IsInSubmodule"}
[2022-01-09 07:37:29.555] [exthost] [error] {"message":"Git error","stdout":"","stderr":"fatal: Pathspec '/root/.nvm/CODE_OF_CONDUCT.md' is in submodule '.nvm'\n","exitCode":128,"gitErrorCode":"IsInSubmodule"}
[2022-01-09 07:37:29.555] [exthost] [error] {"message":"Git error","stdout":"","stderr":"fatal: Pathspec '/root/.nvm/CODE_OF_CONDUCT.md' is in submodule '.nvm'\n","exitCode":128,"gitErrorCode":"IsInSubmodule"}
[2022-01-09 07:37:29.555] [exthost] [error] {"message":"Git error","stdout":"","stderr":"fatal: Pathspec '/root/.nvm/CODE_OF_CONDUCT.md' is in submodule '.nvm'\n","exitCode":128,"gitErrorCode":"IsInSubmodule"}
[2022-01-09 07:37:29.555] [exthost] [error] {"message":"Git error","stdout":"","stderr":"fatal: Pathspec '/root/.nvm/CODE_OF_CONDUCT.md' is in submodule '.nvm'\n","exitCode":128,"gitErrorCode":"IsInSubmodule"}
[2022-01-09 07:37:29.555] [exthost] [error] {"message":"Git error","stdout":"","stderr":"fatal: Pathspec '/root/.nvm/CODE_OF_CONDUCT.md' is in submodule '.nvm'\n","exitCode":128,"gitErrorCode":"IsInSubmodule"}
[2022-01-09 07:37:29.555] [exthost] [error] {"message":"Git error","stdout":"","stderr":"fatal: Pathspec '/root/.nvm/CODE_OF_CONDUCT.md' is in submodule '.nvm'\n","exitCode":128,"gitErrorCode":"IsInSubmodule"}
[2022-01-09 07:37:29.555] [exthost] [error] {"message":"Git error","stdout":"","stderr":"fatal: Pathspec '/root/.nvm/CODE_OF_CONDUCT.md' is in submodule '.nvm'\n","exitCode":128,"gitErrorCode":"IsInSubmodule"}
[2022-01-09 07:37:29.555] [exthost] [error] {"message":"Git error","stdout":"","stderr":"fatal: Pathspec '/root/.nvm/CODE_OF_CONDUCT.md' is in submodule '.nvm'\n","exitCode":128,"gitErrorCode":"IsInSubmodule"}
[2022-01-09 07:37:29.555] [exthost] [error] {"message":"Git error","stdout":"","stderr":"fatal: Pathspec '/root/.nvm/CODE_OF_CONDUCT.md' is in submodule '.nvm'\n","exitCode":128,"gitErrorCode":"IsInSubmodule"}
[2022-01-09 07:37:29.555] [exthost] [error] {"message":"Git error","stdout":"","stderr":"fatal: Pathspec '/root/.nvm/CODE_OF_CONDUCT.md' is in submodule '.nvm'\n","exitCode":128,"gitErrorCode":"IsInSubmodule"}
[2022-01-09 07:37:29.555] [exthost] [error] {"message":"Git error","stdout":"","stderr":"fatal: Pathspec '/root/.nvm/CODE_OF_CONDUCT.md' is in submodule '.nvm'\n","exitCode":128,"gitErrorCode":"IsInSubmodule"}
[2022-01-09 07:37:29.555] [exthost] [error] {"message":"Git error","stdout":"","stderr":"fatal: Pathspec '/root/.nvm/CODE_OF_CONDUCT.md' is in submodule '.nvm'\n","exitCode":128,"gitErrorCode":"IsInSubmodule"}
[2022-01-09 07:37:29.555] [exthost] [error] {"message":"Git error","stdout":"","stderr":"fatal: Pathspec '/root/.nvm/CODE_OF_CONDUCT.md' is in submodule '.nvm'\n","exitCode":128,"gitErrorCode":"IsInSubmodule"}
