[2022-01-09 05:08:55.003] [exthost] [info] Extension host with pid 4331 started
[2022-01-09 05:08:55.011] [exthost] [info] Lock '/root/.vscode-server/data/User/workspaceStorage/4f066dd390e5cb3da36edb2c3f5550e9/vscode.lock': Lock acquired.
[2022-01-09 05:08:55.534] [exthost] [info] ExtensionService#_doActivateExtension vscode.typescript-language-features, startup: false, activationEvent: 'onLanguage:javascript'
[2022-01-09 05:08:55.621] [exthost] [info] ExtensionService#_doActivateExtension vscode.debug-auto-launch, startup: true, activationEvent: '*'
[2022-01-09 05:08:55.626] [exthost] [info] ExtensionService#_doActivateExtension vscode.git-base, startup: true, activationEvent: '*', root cause: vscode.github
[2022-01-09 05:08:55.634] [exthost] [info] ExtensionService#_doActivateExtension vscode.npm, startup: true, activationEvent: 'workspaceContains:package.json'
[2022-01-09 05:09:00.963] [exthost] [info] ExtensionService#_doActivateExtension vscode.git, startup: true, activationEvent: '*'
[2022-01-09 05:09:01.041] [exthost] [info] ExtensionService#_doActivateExtension vscode.github, startup: true, activationEvent: '*'
[2022-01-09 05:09:01.913] [exthost] [info] ExtensionService#_doActivateExtension vscode.emmet, startup: false, activationEvent: 'onStartupFinished'
[2022-01-09 05:09:01.934] [exthost] [info] ExtensionService#_doActivateExtension vscode.merge-conflict, startup: false, activationEvent: 'onStartupFinished'
[2022-01-09 05:09:01.939] [exthost] [info] ExtensionService#_doActivateExtension dbaeumer.vscode-eslint, startup: false, activationEvent: 'onStartupFinished'
[2022-01-09 05:09:01.993] [exthost] [info] Eager extensions activated
[2022-01-09 07:24:16.170] [exthost] [info] ExtensionService#_doActivateExtension GitHub.vscode-pull-request-github, startup: false, activationEvent: '*'
[2022-01-09 07:25:32.163] [exthost] [info] ExtensionService#_doActivateExtension mhutchie.git-graph, startup: false, activationEvent: '*'
[2022-01-09 07:25:36.357] [exthost] [info] ExtensionService#_doActivateExtension donjayamanne.githistory, startup: false, activationEvent: '*'
[2022-01-09 07:30:11.442] [exthost] [info] ExtensionService#_doActivateExtension vscode.configuration-editing, startup: false, activationEvent: 'onLanguage:jsonc'
[2022-01-09 07:30:11.462] [exthost] [info] ExtensionService#_doActivateExtension vscode.json-language-features, startup: false, activationEvent: 'onLanguage:jsonc'
[2022-01-09 07:31:05.793] [exthost] [info] extension host terminating: received terminate message from renderer
[2022-01-09 07:31:05.794] [exthost] [info] Lock '/root/.vscode-server/data/User/workspaceStorage/4f066dd390e5cb3da36edb2c3f5550e9/vscode.lock': Marking the lockfile as scheduled to be released in 6000 ms.
[2022-01-09 07:31:05.847] [exthost] [info] Extension host with pid 4331 exiting with code 0
