[2022-01-09 07:31:16.851] Starting Git Graph ...
[2022-01-09 07:31:16.972] Using git (version: 2.17.1)
[2022-01-09 07:31:16.982] > git rev-parse --show-toplevel
[2022-01-09 07:31:16.983] Showing "Git Graph" Status Bar Item
[2022-01-09 07:31:16.985] Started Git Graph - Ready to use!
[2022-01-09 07:31:16.988] Searching workspace for new repos ...
[2022-01-09 07:31:16.989] Completed searching workspace for new repos
[2022-01-09 07:31:17.409] Successfully set Visual Studio Code Context "git-graph:codiconsSupported" to "true"
[2022-01-09 07:51:02.321] Created Git Graph View (active repo: /root)
[2022-01-09 07:51:02.775] > git branch -a --no-color
[2022-01-09 07:51:02.788] > git remote
[2022-01-09 07:51:02.801] > git reflog --format=... refs/stash --
[2022-01-09 07:51:02.807] Started watching repo: /root
[2022-01-09 07:51:02.847] > git -c log.showSignature=false log --max-count=301 --format=... --date-order --branches --tags --remotes HEAD --
[2022-01-09 07:51:02.854] > git show-ref -d --head
[2022-01-09 07:51:02.867] > git status --untracked-files=all --porcelain
[2022-01-09 07:51:02.970] > git --no-pager config --list -z --includes
[2022-01-09 07:51:02.979] > git --no-pager config --list -z --includes --local
[2022-01-09 07:51:02.989] > git --no-pager config --list -z --includes --global
[2022-01-09 07:51:05.455] > git branch -a --no-color
[2022-01-09 07:51:05.465] > git remote
[2022-01-09 07:51:05.475] > git reflog --format=... refs/stash --
[2022-01-09 07:51:05.491] > git -c log.showSignature=false log --max-count=301 --format=... --date-order --branches --tags --remotes HEAD --
[2022-01-09 07:51:05.497] > git show-ref -d --head
[2022-01-09 07:51:05.510] > git status --untracked-files=all --porcelain
[2022-01-09 07:51:08.378] > git branch -a --no-color
[2022-01-09 07:51:08.390] > git remote
[2022-01-09 07:51:08.402] > git reflog --format=... refs/stash --
[2022-01-09 07:51:08.421] > git -c log.showSignature=false log --max-count=301 --format=... --date-order --branches --tags --remotes HEAD --
[2022-01-09 07:51:08.432] > git show-ref -d --head
[2022-01-09 07:51:08.441] > git status --untracked-files=all --porcelain
[2022-01-09 07:51:11.378] > git branch -a --no-color
[2022-01-09 07:51:11.387] > git remote
[2022-01-09 07:51:11.396] > git reflog --format=... refs/stash --
[2022-01-09 07:51:11.412] > git -c log.showSignature=false log --max-count=301 --format=... --date-order --branches --tags --remotes HEAD --
[2022-01-09 07:51:11.420] > git show-ref -d --head
[2022-01-09 07:51:11.427] > git status --untracked-files=all --porcelain
[2022-01-09 07:51:14.379] > git branch -a --no-color
[2022-01-09 07:51:14.391] > git remote
[2022-01-09 07:51:14.403] > git reflog --format=... refs/stash --
[2022-01-09 07:51:14.427] > git -c log.showSignature=false log --max-count=301 --format=... --date-order --branches --tags --remotes HEAD --
[2022-01-09 07:51:14.436] > git show-ref -d --head
[2022-01-09 07:51:14.445] > git status --untracked-files=all --porcelain
[2022-01-09 07:51:17.411] > git branch -a --no-color
[2022-01-09 07:51:17.424] > git remote
[2022-01-09 07:51:17.436] > git reflog --format=... refs/stash --
[2022-01-09 07:51:17.454] > git -c log.showSignature=false log --max-count=301 --format=... --date-order --branches --tags --remotes HEAD --
[2022-01-09 07:51:17.465] > git show-ref -d --head
[2022-01-09 07:51:17.473] > git status --untracked-files=all --porcelain
[2022-01-09 07:51:20.394] > git branch -a --no-color
[2022-01-09 07:51:20.407] > git remote
[2022-01-09 07:51:20.419] > git reflog --format=... refs/stash --
[2022-01-09 07:51:20.438] > git -c log.showSignature=false log --max-count=301 --format=... --date-order --branches --tags --remotes HEAD --
[2022-01-09 07:51:20.449] > git show-ref -d --head
[2022-01-09 07:51:20.459] > git status --untracked-files=all --porcelain
[2022-01-09 07:51:23.403] > git branch -a --no-color
[2022-01-09 07:51:23.416] > git remote
[2022-01-09 07:51:23.429] > git reflog --format=... refs/stash --
[2022-01-09 07:51:23.448] > git -c log.showSignature=false log --max-count=301 --format=... --date-order --branches --tags --remotes HEAD --
[2022-01-09 07:51:23.459] > git show-ref -d --head
[2022-01-09 07:51:23.468] > git status --untracked-files=all --porcelain
[2022-01-09 07:51:26.394] > git branch -a --no-color
[2022-01-09 07:51:26.406] > git remote
[2022-01-09 07:51:26.419] > git reflog --format=... refs/stash --
[2022-01-09 07:51:26.437] > git -c log.showSignature=false log --max-count=301 --format=... --date-order --branches --tags --remotes HEAD --
[2022-01-09 07:51:26.448] > git show-ref -d --head
[2022-01-09 07:51:26.458] > git status --untracked-files=all --porcelain
[2022-01-09 07:51:29.427] > git branch -a --no-color
[2022-01-09 07:51:29.440] > git remote
[2022-01-09 07:51:29.452] > git reflog --format=... refs/stash --
[2022-01-09 07:51:29.484] > git -c log.showSignature=false log --max-count=301 --format=... --date-order --branches --tags --remotes HEAD --
[2022-01-09 07:51:29.495] > git show-ref -d --head
[2022-01-09 07:51:29.505] > git status --untracked-files=all --porcelain
[2022-01-09 07:51:32.463] > git branch -a --no-color
[2022-01-09 07:51:32.471] > git remote
[2022-01-09 07:51:32.483] > git reflog --format=... refs/stash --
[2022-01-09 07:51:32.524] > git -c log.showSignature=false log --max-count=301 --format=... --date-order --branches --tags --remotes HEAD --
[2022-01-09 07:51:32.534] > git show-ref -d --head
[2022-01-09 07:51:32.543] > git status --untracked-files=all --porcelain
[2022-01-09 07:51:35.454] > git branch -a --no-color
[2022-01-09 07:51:35.467] > git remote
[2022-01-09 07:51:35.479] > git reflog --format=... refs/stash --
[2022-01-09 07:51:35.498] > git -c log.showSignature=false log --max-count=301 --format=... --date-order --branches --tags --remotes HEAD --
[2022-01-09 07:51:35.508] > git show-ref -d --head
[2022-01-09 07:51:35.517] > git status --untracked-files=all --porcelain
[2022-01-09 07:51:38.406] > git branch -a --no-color
[2022-01-09 07:51:38.418] > git remote
[2022-01-09 07:51:38.431] > git reflog --format=... refs/stash --
[2022-01-09 07:51:38.449] > git -c log.showSignature=false log --max-count=301 --format=... --date-order --branches --tags --remotes HEAD --
[2022-01-09 07:51:38.460] > git show-ref -d --head
[2022-01-09 07:51:38.470] > git status --untracked-files=all --porcelain
[2022-01-09 07:51:41.403] > git branch -a --no-color
[2022-01-09 07:51:41.416] > git remote
[2022-01-09 07:51:41.428] > git reflog --format=... refs/stash --
[2022-01-09 07:51:41.448] > git -c log.showSignature=false log --max-count=301 --format=... --date-order --branches --tags --remotes HEAD --
[2022-01-09 07:51:41.460] > git show-ref -d --head
[2022-01-09 07:51:41.468] > git status --untracked-files=all --porcelain
