[Info  - 03:19:02.805] Starting TS Server 
[Info  - 03:19:02.806] Using tsserver from: /root/.vscode-server/bin/899d46d82c4c95423fb7e10e68eba52050e30ba3/extensions/node_modules/typescript/lib/tsserver.js
[Info  - 03:19:02.809] <syntax> Forking...
[Info  - 03:19:02.816] <syntax> Starting...
[Info  - 03:19:02.817] <semantic> Forking...
[Info  - 03:19:02.823] <semantic> Starting...
[Info  - 04:34:25.467] Killing TS Server
[Info  - 04:34:25.485] TSServer exited. Signal: SIGTERM
[Info  - 04:34:25.486] Starting TS Server 
[Info  - 04:34:25.486] Using tsserver from: /root/.vscode-server/bin/899d46d82c4c95423fb7e10e68eba52050e30ba3/extensions/node_modules/typescript/lib/tsserver.js
[Info  - 04:34:25.487] <syntax> Forking...
[Info  - 04:34:25.497] <syntax> Starting...
[Info  - 04:34:25.497] <semantic> Forking...
[Info  - 04:34:25.502] <semantic> Starting...
[Info  - 04:34:25.511] Killing TS Server
[Info  - 04:34:25.515] TSServer exited. Signal: SIGTERM
[Info  - 04:34:25.515] Starting TS Server 
[Info  - 04:34:25.515] Using tsserver from: /root/.vscode-server/bin/899d46d82c4c95423fb7e10e68eba52050e30ba3/extensions/node_modules/typescript/lib/tsserver.js
[Info  - 04:34:25.515] <syntax> Forking...
[Info  - 04:34:25.519] <syntax> Starting...
[Info  - 04:34:25.520] <semantic> Forking...
[Info  - 04:34:25.524] <semantic> Starting...
