[2022-01-07 13:16:06.530] [exthost] [info] Extension host with pid 10015 started
[2022-01-07 13:16:06.542] [exthost] [info] Lock '/root/.vscode-server/data/User/workspaceStorage/4f066dd390e5cb3da36edb2c3f5550e9/vscode.lock': Lock acquired.
[2022-01-07 13:16:06.738] [exthost] [info] ExtensionService#_doActivateExtension vscode.typescript-language-features, startup: false, activationEvent: 'onLanguage:javascript'
[2022-01-07 13:16:06.819] [exthost] [info] ExtensionService#_doActivateExtension dbaeumer.jshint, startup: false, activationEvent: 'onLanguage:javascript'
[2022-01-07 13:16:06.867] [exthost] [info] ExtensionService#_doActivateExtension vscode.debug-auto-launch, startup: true, activationEvent: '*'
[2022-01-07 13:16:06.873] [exthost] [info] ExtensionService#_doActivateExtension vscode.git-base, startup: true, activationEvent: '*', root cause: vscode.github
[2022-01-07 13:16:06.885] [exthost] [info] ExtensionService#_doActivateExtension vscode.npm, startup: true, activationEvent: 'workspaceContains:package.json'
[2022-01-07 13:16:07.550] [exthost] [info] ExtensionService#_doActivateExtension vscode.git, startup: true, activationEvent: '*'
[2022-01-07 13:16:07.661] [exthost] [info] ExtensionService#_doActivateExtension vscode.github, startup: true, activationEvent: '*'
[2022-01-07 13:16:08.128] [exthost] [info] ExtensionService#_doActivateExtension vscode.emmet, startup: false, activationEvent: 'onStartupFinished'
[2022-01-07 13:16:08.150] [exthost] [info] ExtensionService#_doActivateExtension vscode.merge-conflict, startup: false, activationEvent: 'onStartupFinished'
[2022-01-07 13:16:08.154] [exthost] [info] ExtensionService#_doActivateExtension dbaeumer.vscode-eslint, startup: false, activationEvent: 'onStartupFinished'
[2022-01-07 13:16:08.196] [exthost] [info] Eager extensions activated
[2022-01-07 13:55:51.480] [exthost] [info] ExtensionService#_doActivateExtension vscode.configuration-editing, startup: false, activationEvent: 'onLanguage:json'
[2022-01-07 13:55:51.494] [exthost] [info] ExtensionService#_doActivateExtension vscode.extension-editing, startup: false, activationEvent: 'onLanguage:json'
[2022-01-07 13:55:51.522] [exthost] [info] ExtensionService#_doActivateExtension vscode.json-language-features, startup: false, activationEvent: 'onLanguage:json'
[2022-01-07 13:55:51.616] [exthost] [info] ExtensionService#_doActivateExtension eg2.vscode-npm-script, startup: false, activationEvent: 'onLanguage:json'
[2022-01-07 14:58:40.240] [exthost] [info] extension host terminating: renderer disconnected for too long (2)
[2022-01-07 14:58:40.241] [exthost] [info] Lock '/root/.vscode-server/data/User/workspaceStorage/4f066dd390e5cb3da36edb2c3f5550e9/vscode.lock': Marking the lockfile as scheduled to be released in 6000 ms.
[2022-01-07 14:58:40.279] [exthost] [info] Extension host with pid 10015 exiting with code 0
