[2022-01-06 11:22:29.942] [exthost] [info] Extension host with pid 2281 started
[2022-01-06 11:22:29.971] [exthost] [info] Lock '/root/.vscode-server/data/User/workspaceStorage/4f066dd390e5cb3da36edb2c3f5550e9/vscode.lock': Lock acquired.
[2022-01-06 11:22:30.101] [exthost] [info] ExtensionService#_doActivateExtension vscode.debug-auto-launch, startup: true, activationEvent: '*'
[2022-01-06 11:22:30.109] [exthost] [info] ExtensionService#_doActivateExtension vscode.git-base, startup: true, activationEvent: '*', root cause: vscode.github
[2022-01-06 11:22:30.293] [exthost] [info] ExtensionService#_doActivateExtension vscode.github, startup: true, activationEvent: '*'
[2022-01-06 11:22:30.362] [exthost] [info] ExtensionService#_doActivateExtension vscode.emmet, startup: false, activationEvent: 'onStartupFinished'
[2022-01-06 11:22:30.399] [exthost] [info] ExtensionService#_doActivateExtension vscode.merge-conflict, startup: false, activationEvent: 'onStartupFinished'
[2022-01-06 11:22:30.406] [exthost] [info] Eager extensions activated
[2022-01-06 11:22:33.291] [exthost] [info] ExtensionService#_doActivateExtension vscode.git, startup: false, activationEvent: 'api', root cause: vscode.github
[2022-01-06 11:22:46.962] [exthost] [info] ExtensionService#_doActivateExtension vscode.typescript-language-features, startup: false, activationEvent: 'onLanguage:javascript'
[2022-01-06 11:24:50.728] [exthost] [info] ExtensionService#_doActivateExtension vscode.debug-server-ready, startup: false, activationEvent: 'onDebugResolve'
[2022-01-06 11:24:50.736] [exthost] [info] ExtensionService#_doActivateExtension ms-vscode.js-debug, startup: false, activationEvent: 'onDebugResolve:pwa-node'
[2022-01-06 11:36:20.542] [exthost] [info] ExtensionService#_doActivateExtension vscode.configuration-editing, startup: false, activationEvent: 'onLanguage:json'
[2022-01-06 11:36:20.555] [exthost] [info] ExtensionService#_doActivateExtension vscode.extension-editing, startup: false, activationEvent: 'onLanguage:json'
[2022-01-06 11:36:20.571] [exthost] [info] ExtensionService#_doActivateExtension vscode.json-language-features, startup: false, activationEvent: 'onLanguage:json'
[2022-01-06 11:36:20.635] [exthost] [info] ExtensionService#_doActivateExtension vscode.npm, startup: false, activationEvent: 'onLanguage:json'
[2022-01-06 12:38:17.186] [exthost] [info] ExtensionService#_doActivateExtension eg2.vscode-npm-script, startup: false, activationEvent: 'onLanguage:json'
[2022-01-06 12:38:34.986] [exthost] [info] ExtensionService#_doActivateExtension dbaeumer.jshint, startup: false, activationEvent: 'onLanguage:javascript'
[2022-01-06 12:38:37.547] [exthost] [info] ExtensionService#_doActivateExtension dbaeumer.vscode-eslint, startup: false, activationEvent: 'onStartupFinished'
[2022-01-06 13:05:41.610] [exthost] [info] ExtensionService#_doActivateExtension vscode.html-language-features, startup: false, activationEvent: 'onLanguage:html'
[2022-01-06 13:13:10.429] [exthost] [error] [vscode.typescript-language-features] provider FAILED
[2022-01-06 13:13:10.430] [exthost] [error] Error: <semantic> TypeScript Server Error (4.5.4)
BADCLIENT: Bad error code, 7028 not found in range 272..286 (found: false); could have caused this error:
Debug Failure. Invalid cast. The supplied value undefined did not pass the test 'isLabeledStatement'.
Error: BADCLIENT: Bad error code, 7028 not found in range 272..286 (found: false); could have caused this error:
Debug Failure. Invalid cast. The supplied value undefined did not pass the test 'isLabeledStatement'.
    at Object.cast (/root/.vscode-server/bin/899d46d82c4c95423fb7e10e68eba52050e30ba3/extensions/node_modules/typescript/lib/tsserver.js:1507:25)
    at doChange (/root/.vscode-server/bin/899d46d82c4c95423fb7e10e68eba52050e30ba3/extensions/node_modules/typescript/lib/tsserver.js:151195:39)
    at /root/.vscode-server/bin/899d46d82c4c95423fb7e10e68eba52050e30ba3/extensions/node_modules/typescript/lib/tsserver.js:151187:96
    at Function.ChangeTracker.with (/root/.vscode-server/bin/899d46d82c4c95423fb7e10e68eba52050e30ba3/extensions/node_modules/typescript/lib/tsserver.js:144341:17)
    at Object.getCodeActions (/root/.vscode-server/bin/899d46d82c4c95423fb7e10e68eba52050e30ba3/extensions/node_modules/typescript/lib/tsserver.js:151187:64)
    at /root/.vscode-server/bin/899d46d82c4c95423fb7e10e68eba52050e30ba3/extensions/node_modules/typescript/lib/tsserver.js:145527:77
    at Object.flatMap (/root/.vscode-server/bin/899d46d82c4c95423fb7e10e68eba52050e30ba3/extensions/node_modules/typescript/lib/tsserver.js:522:25)
    at Object.getFixes (/root/.vscode-server/bin/899d46d82c4c95423fb7e10e68eba52050e30ba3/extensions/node_modules/typescript/lib/tsserver.js:145527:23)
    at /root/.vscode-server/bin/899d46d82c4c95423fb7e10e68eba52050e30ba3/extensions/node_modules/typescript/lib/tsserver.js:160394:35
    at Object.flatMap (/root/.vscode-server/bin/899d46d82c4c95423fb7e10e68eba52050e30ba3/extensions/node_modules/typescript/lib/tsserver.js:522:25)
    at Object.getCodeFixesAtPosition (/root/.vscode-server/bin/899d46d82c4c95423fb7e10e68eba52050e30ba3/extensions/node_modules/typescript/lib/tsserver.js:160392:23)
    at IOSession.Session.getCodeFixes (/root/.vscode-server/bin/899d46d82c4c95423fb7e10e68eba52050e30ba3/extensions/node_modules/typescript/lib/tsserver.js:171880:64)
    at Session.handlers.ts.Map.ts.getEntries._a.<computed> (/root/.vscode-server/bin/899d46d82c4c95423fb7e10e68eba52050e30ba3/extensions/node_modules/typescript/lib/tsserver.js:170516:61)
    at /root/.vscode-server/bin/899d46d82c4c95423fb7e10e68eba52050e30ba3/extensions/node_modules/typescript/lib/tsserver.js:172193:88
    at IOSession.Session.executeWithRequestId (/root/.vscode-server/bin/899d46d82c4c95423fb7e10e68eba52050e30ba3/extensions/node_modules/typescript/lib/tsserver.js:172184:28)
    at IOSession.Session.executeCommand (/root/.vscode-server/bin/899d46d82c4c95423fb7e10e68eba52050e30ba3/extensions/node_modules/typescript/lib/tsserver.js:172193:33)
    at IOSession.Session.onMessage (/root/.vscode-server/bin/899d46d82c4c95423fb7e10e68eba52050e30ba3/extensions/node_modules/typescript/lib/tsserver.js:172219:35)
    at Interface.<anonymous> (/root/.vscode-server/bin/899d46d82c4c95423fb7e10e68eba52050e30ba3/extensions/node_modules/typescript/lib/tsserver.js:174824:31)
    at Interface.emit (events.js:315:20)
    at Interface._onLine (readline.js:337:10)
    at Interface._normalWrite (readline.js:482:12)
    at Socket.ondata (readline.js:194:10)
    at Socket.emit (events.js:315:20)
    at addChunk (internal/streams/readable.js:309:12)
    at readableAddChunk (internal/streams/readable.js:284:9)
    at Socket.Readable.push (internal/streams/readable.js:223:10)
    at Pipe.onStreamRead (internal/stream_base_commons.js:188:23)
	at Function.create (/root/.vscode-server/bin/899d46d82c4c95423fb7e10e68eba52050e30ba3/extensions/typescript-language-features/dist/extension.js:1:494291)
	at dispatchResponse (/root/.vscode-server/bin/899d46d82c4c95423fb7e10e68eba52050e30ba3/extensions/typescript-language-features/dist/extension.js:1:488127)
	at dispatchMessage (/root/.vscode-server/bin/899d46d82c4c95423fb7e10e68eba52050e30ba3/extensions/typescript-language-features/dist/extension.js:1:486984)
	at /root/.vscode-server/bin/899d46d82c4c95423fb7e10e68eba52050e30ba3/extensions/typescript-language-features/dist/extension.js:1:486469
	at u.fire (/root/.vscode-server/bin/899d46d82c4c95423fb7e10e68eba52050e30ba3/out/vs/server/remoteExtensionHostProcess.js:66:1712)
	at m.onLengthData (/root/.vscode-server/bin/899d46d82c4c95423fb7e10e68eba52050e30ba3/extensions/typescript-language-features/dist/extension.js:1:497220)
	at Socket.<anonymous> (/root/.vscode-server/bin/899d46d82c4c95423fb7e10e68eba52050e30ba3/extensions/typescript-language-features/dist/extension.js:1:496867)
	at Socket.emit (events.js:315:20)
	at addChunk (internal/streams/readable.js:309:12)
	at readableAddChunk (internal/streams/readable.js:284:9)
	at Socket.Readable.push (internal/streams/readable.js:223:10)
	at Pipe.onStreamRead (internal/stream_base_commons.js:188:23)
[2022-01-06 13:14:05.984] [exthost] [error] [vscode.json-language-features] provider FAILED
[2022-01-06 13:14:05.984] [exthost] [error] Canceled: Canceled
	at b.makeCancelError (/root/.vscode-server/bin/899d46d82c4c95423fb7e10e68eba52050e30ba3/extensions/json-language-features/client/dist/node/jsonClientMain.js:1:492410)
	at b.handleFailedRequest (/root/.vscode-server/bin/899d46d82c4c95423fb7e10e68eba52050e30ba3/extensions/json-language-features/client/dist/node/jsonClientMain.js:1:492261)
	at /root/.vscode-server/bin/899d46d82c4c95423fb7e10e68eba52050e30ba3/extensions/json-language-features/client/dist/node/jsonClientMain.js:1:503463
	at async q.provideColors (/root/.vscode-server/bin/899d46d82c4c95423fb7e10e68eba52050e30ba3/out/vs/server/remoteExtensionHostProcess.js:95:107334)
[2022-01-06 14:44:55.437] [exthost] [info] extension host terminating: renderer disconnected for too long (2)
[2022-01-06 14:44:55.439] [exthost] [info] Lock '/root/.vscode-server/data/User/workspaceStorage/4f066dd390e5cb3da36edb2c3f5550e9/vscode.lock': Marking the lockfile as scheduled to be released in 6000 ms.
[2022-01-06 14:44:55.581] [exthost] [info] Extension host with pid 2281 exiting with code 0
