

*
* Visual Studio Code Server
*
* Reminder: You may only use this software with Visual Studio family products,
* as described in the license https://aka.ms/vscode-remote/license
*

Extension host agent listening on 36219

[05:08:49] Extension host agent started.
[05:08:49] [127.0.0.1][b8e61acf][ManagementConnection] New connection established.
[05:08:49] [127.0.0.1][288e66e4][ExtensionHostConnection] New connection established.
[05:08:50] [127.0.0.1][288e66e4][ExtensionHostConnection] <4331> Launched Extension Host Process.
rejected promise not handled within 1 second: Error: Could not find pty with id "4"
stack trace: Error: Could not find pty with id "4",    at l._throwIfNoPty (/root/.vscode-server/bin/899d46d82c4c95423fb7e10e68eba52050e30ba3/out/vs/platform/terminal/node/ptyHostMain.js:17:4919),    at l.updateTitle (/root/.vscode-server/bin/899d46d82c4c95423fb7e10e68eba52050e30ba3/out/vs/platform/terminal/node/ptyHostMain.js:17:1591),    at Object.call (/root/.vscode-server/bin/899d46d82c4c95423fb7e10e68eba52050e30ba3/out/vs/platform/terminal/node/ptyHostMain.js:13:8419),    at L.onPromise (/root/.vscode-server/bin/899d46d82c4c95423fb7e10e68eba52050e30ba3/out/vs/platform/terminal/node/ptyHostMain.js:12:4940),    at L.onRawMessage (/root/.vscode-server/bin/899d46d82c4c95423fb7e10e68eba52050e30ba3/out/vs/platform/terminal/node/ptyHostMain.js:12:4299),    at /root/.vscode-server/bin/899d46d82c4c95423fb7e10e68eba52050e30ba3/out/vs/platform/terminal/node/ptyHostMain.js:12:3552,    at R.fire (/root/.vscode-server/bin/899d46d82c4c95423fb7e10e68eba52050e30ba3/out/vs/platform/terminal/node/ptyHostMain.js:8:1712),    at process.Q (/root/.vscode-server/bin/899d46d82c4c95423fb7e10e68eba52050e30ba3/out/vs/platform/terminal/node/ptyHostMain.js:6:32910),    at process.emit (events.js:315:20),    at emit (internal/child_process.js:903:12),    at processTicksAndRejections (internal/process/task_queues.js:81:21)
[Error: Could not find pty with id "4",    at l._throwIfNoPty (/root/.vscode-server/bin/899d46d82c4c95423fb7e10e68eba52050e30ba3/out/vs/platform/terminal/node/ptyHostMain.js:17:4919),    at l.updateTitle (/root/.vscode-server/bin/899d46d82c4c95423fb7e10e68eba52050e30ba3/out/vs/platform/terminal/node/ptyHostMain.js:17:1591),    at Object.call (/root/.vscode-server/bin/899d46d82c4c95423fb7e10e68eba52050e30ba3/out/vs/platform/terminal/node/ptyHostMain.js:13:8419),    at L.onPromise (/root/.vscode-server/bin/899d46d82c4c95423fb7e10e68eba52050e30ba3/out/vs/platform/terminal/node/ptyHostMain.js:12:4940),    at L.onRawMessage (/root/.vscode-server/bin/899d46d82c4c95423fb7e10e68eba52050e30ba3/out/vs/platform/terminal/node/ptyHostMain.js:12:4299),    at /root/.vscode-server/bin/899d46d82c4c95423fb7e10e68eba52050e30ba3/out/vs/platform/terminal/node/ptyHostMain.js:12:3552,    at R.fire (/root/.vscode-server/bin/899d46d82c4c95423fb7e10e68eba52050e30ba3/out/vs/platform/terminal/node/ptyHostMain.js:8:1712),    at process.Q (/root/.vscode-server/bin/899d46d82c4c95423fb7e10e68eba52050e30ba3/out/vs/platform/terminal/node/ptyHostMain.js:6:32910),    at process.emit (events.js:315:20),    at emit (internal/child_process.js:903:12),    at processTicksAndRejections (internal/process/task_queues.js:81:21)]
[07:24:14] Installing extension: github.vscode-pull-request-github
[07:24:15] Downloaded extension: github.vscode-pull-request-github /root/.vscode-server/data/CachedExtensionVSIXs/github.vscode-pull-request-github-0.34.3
[07:24:15] Extracted extension to /root/.vscode-server/extensions/.7909306f-d9ed-47c8-8803-64b3e43407a4: github.vscode-pull-request-github
[07:24:15] Renamed to /root/.vscode-server/extensions/github.vscode-pull-request-github-0.34.3
[07:24:15] Extracting completed. github.vscode-pull-request-github
[07:24:15] Extension installed successfully: github.vscode-pull-request-github
[07:25:30] Installing extension: mhutchie.git-graph
[07:25:31] Downloaded extension: mhutchie.git-graph /root/.vscode-server/data/CachedExtensionVSIXs/mhutchie.git-graph-1.30.0
[07:25:31] Extracted extension to /root/.vscode-server/extensions/.e7937090-fe08-4ab5-9d37-60b231ab7447: mhutchie.git-graph
[07:25:31] Renamed to /root/.vscode-server/extensions/mhutchie.git-graph-1.30.0
[07:25:31] Extracting completed. mhutchie.git-graph
[07:25:31] Extension installed successfully: mhutchie.git-graph
[07:25:34] Installing extension: donjayamanne.githistory
[07:25:35] Downloaded extension: donjayamanne.githistory /root/.vscode-server/data/CachedExtensionVSIXs/donjayamanne.githistory-0.6.19
[07:25:35] Extracted extension to /root/.vscode-server/extensions/.f01486e3-3505-43e3-a36a-6e83a571ef56: donjayamanne.githistory
[07:25:35] Renamed to /root/.vscode-server/extensions/donjayamanne.githistory-0.6.19
[07:25:35] Extracting completed. donjayamanne.githistory
[07:25:35] Extension installed successfully: donjayamanne.githistory
[07:31:05] [127.0.0.1][b8e61acf][ManagementConnection] The client has disconnected gracefully, so the connection will be disposed.
[07:31:05] [127.0.0.1][288e66e4][ExtensionHostConnection] <4331> Extension Host Process exited with code: 0, signal: null.
Last EH closed, waiting before shutting down
[07:31:05] Last EH closed, waiting before shutting down
Got delay-shutdown request while in shutdown timeout, delaying
[07:31:14] Got delay-shutdown request while in shutdown timeout, delaying
Cancelling previous shutdown timeout
[07:31:14] Cancelling previous shutdown timeout
[07:31:14] [127.0.0.1][4e7ab8fd][ManagementConnection] New connection established.
[07:31:14] [127.0.0.1][dc14f249][ExtensionHostConnection] New connection established.
[07:31:14] [127.0.0.1][dc14f249][ExtensionHostConnection] <12086> Launched Extension Host Process.
[IPC Library: Pty Host]  INFO Persistent process "7": Replaying 4770 chars and 1 size events
rejected promise not handled within 1 second: Error: Could not find pty with id "11"
stack trace: Error: Could not find pty with id "11",    at l._throwIfNoPty (/root/.vscode-server/bin/899d46d82c4c95423fb7e10e68eba52050e30ba3/out/vs/platform/terminal/node/ptyHostMain.js:17:4919),    at l.updateIcon (/root/.vscode-server/bin/899d46d82c4c95423fb7e10e68eba52050e30ba3/out/vs/platform/terminal/node/ptyHostMain.js:17:1651),    at Object.call (/root/.vscode-server/bin/899d46d82c4c95423fb7e10e68eba52050e30ba3/out/vs/platform/terminal/node/ptyHostMain.js:13:8419),    at L.onPromise (/root/.vscode-server/bin/899d46d82c4c95423fb7e10e68eba52050e30ba3/out/vs/platform/terminal/node/ptyHostMain.js:12:4940),    at L.onRawMessage (/root/.vscode-server/bin/899d46d82c4c95423fb7e10e68eba52050e30ba3/out/vs/platform/terminal/node/ptyHostMain.js:12:4299),    at /root/.vscode-server/bin/899d46d82c4c95423fb7e10e68eba52050e30ba3/out/vs/platform/terminal/node/ptyHostMain.js:12:3552,    at R.fire (/root/.vscode-server/bin/899d46d82c4c95423fb7e10e68eba52050e30ba3/out/vs/platform/terminal/node/ptyHostMain.js:8:1712),    at process.Q (/root/.vscode-server/bin/899d46d82c4c95423fb7e10e68eba52050e30ba3/out/vs/platform/terminal/node/ptyHostMain.js:6:32910),    at process.emit (events.js:315:20),    at emit (internal/child_process.js:903:12),    at processTicksAndRejections (internal/process/task_queues.js:81:21)
[Error: Could not find pty with id "11",    at l._throwIfNoPty (/root/.vscode-server/bin/899d46d82c4c95423fb7e10e68eba52050e30ba3/out/vs/platform/terminal/node/ptyHostMain.js:17:4919),    at l.updateIcon (/root/.vscode-server/bin/899d46d82c4c95423fb7e10e68eba52050e30ba3/out/vs/platform/terminal/node/ptyHostMain.js:17:1651),    at Object.call (/root/.vscode-server/bin/899d46d82c4c95423fb7e10e68eba52050e30ba3/out/vs/platform/terminal/node/ptyHostMain.js:13:8419),    at L.onPromise (/root/.vscode-server/bin/899d46d82c4c95423fb7e10e68eba52050e30ba3/out/vs/platform/terminal/node/ptyHostMain.js:12:4940),    at L.onRawMessage (/root/.vscode-server/bin/899d46d82c4c95423fb7e10e68eba52050e30ba3/out/vs/platform/terminal/node/ptyHostMain.js:12:4299),    at /root/.vscode-server/bin/899d46d82c4c95423fb7e10e68eba52050e30ba3/out/vs/platform/terminal/node/ptyHostMain.js:12:3552,    at R.fire (/root/.vscode-server/bin/899d46d82c4c95423fb7e10e68eba52050e30ba3/out/vs/platform/terminal/node/ptyHostMain.js:8:1712),    at process.Q (/root/.vscode-server/bin/899d46d82c4c95423fb7e10e68eba52050e30ba3/out/vs/platform/terminal/node/ptyHostMain.js:6:32910),    at process.emit (events.js:315:20),    at emit (internal/child_process.js:903:12),    at processTicksAndRejections (internal/process/task_queues.js:81:21)]
New EH opened, aborting shutdown
[07:36:14] New EH opened, aborting shutdown
